[Info  - 09:53:35] ESLint server is running.
[Info  - 09:53:36] ESLint library loaded from: /home/dmitry/.npm-global/lib/node_modules/eslint/lib/api.js
[Warn  - 09:53:36] 
No ESLint configuration (e.g .eslintrc) found for file: /opt/lampstack-7.1.20-0/apache2/htdocs/Camagru/assets/js/canvas.js
File will not be validated. Consider running 'eslint --init' in the workspace folder Camagru
Alternatively you can disable ESLint by executing the 'Disable ESLint' command.
[Warn  - 10:07:51] 
No ESLint configuration (e.g .eslintrc) found for file: /opt/lampstack-7.1.20-0/apache2/htdocs/Camagru/assets/js/get_comments.js
File will not be validated. Consider running 'eslint --init' in the workspace folder Camagru
Alternatively you can disable ESLint by executing the 'Disable ESLint' command.
[Warn  - 10:08:30] 
No ESLint configuration (e.g .eslintrc) found for file: /opt/lampstack-7.1.20-0/apache2/htdocs/Camagru/assets/js/getLikes.js
File will not be validated. Consider running 'eslint --init' in the workspace folder Camagru
Alternatively you can disable ESLint by executing the 'Disable ESLint' command.
[Warn  - 10:08:36] 
No ESLint configuration (e.g .eslintrc) found for file: /opt/lampstack-7.1.20-0/apache2/htdocs/Camagru/assets/js/getComments.js
File will not be validated. Consider running 'eslint --init' in the workspace folder Camagru
Alternatively you can disable ESLint by executing the 'Disable ESLint' command.
[Warn  - 11:12:05] 
No ESLint configuration (e.g .eslintrc) found for file: /opt/lampstack-7.1.20-0/apache2/htdocs/Camagru/assets/js/add_comment.js
File will not be validated. Consider running 'eslint --init' in the workspace folder Camagru
Alternatively you can disable ESLint by executing the 'Disable ESLint' command.
[Warn  - 11:14:53] 
No ESLint configuration (e.g .eslintrc) found for file: /opt/lampstack-7.1.20-0/apache2/htdocs/Camagru/assets/js/register_form.js
File will not be validated. Consider running 'eslint --init' in the workspace folder Camagru
Alternatively you can disable ESLint by executing the 'Disable ESLint' command.
[Warn  - 11:30:31] 
No ESLint configuration (e.g .eslintrc) found for file: /opt/lampstack-7.1.20-0/apache2/htdocs/Camagru/assets/js/login_form.js
File will not be validated. Consider running 'eslint --init' in the workspace folder Camagru
Alternatively you can disable ESLint by executing the 'Disable ESLint' command.
[Warn  - 12:47:34] 
No ESLint configuration (e.g .eslintrc) found for file: /opt/lampstack-7.1.20-0/apache2/htdocs/Camagru/assets/js/add_like.js
File will not be validated. Consider running 'eslint --init' in the workspace folder Camagru
Alternatively you can disable ESLint by executing the 'Disable ESLint' command.
